#
# There is insufficient memory for the Java Runtime Environment to continue.
# Native memory allocation (mmap) failed to map 80740352 bytes for committing reserved memory.
# Possible reasons:
#   The system is out of physical RAM or swap space
#   In 32 bit mode, the process size limit was hit
# Possible solutions:
#   Reduce memory load on the system
#   Increase physical memory or swap space
#   Check if swap backing store is full
#   Use 64 bit Java on a 64 bit OS
#   Decrease Java heap size (-Xmx/-Xms)
#   Decrease number of Java threads
#   Decrease Java thread stack sizes (-Xss)
#   Set larger code cache with -XX:ReservedCodeCacheSize=
# This output file may be truncated or incomplete.
#
#  Out of Memory Error (os_linux.cpp:2643), pid=9565, tid=0x00007f335c297700
#
# JRE version: OpenJDK Runtime Environment (8.0_151-b12) (build 1.8.0_151-8u151-b12-0ubuntu0.16.04.2-b12)
# Java VM: OpenJDK 64-Bit Server VM (25.151-b12 mixed mode linux-amd64 compressed oops)
# Failed to write core dump. Core dumps have been disabled. To enable core dumping, try "ulimit -c unlimited" before starting Java again
#

---------------  T H R E A D  ---------------

Current thread (0x00007f336c073000):  VMThread [stack: 0x00007f335c197000,0x00007f335c298000] [id=9572]

Stack: [0x00007f335c197000,0x00007f335c298000],  sp=0x00007f335c296480,  free space=1021k
Native frames: (J=compiled Java code, j=interpreted, Vv=VM code, C=native code)
V  [libjvm.so+0xa684eb]
V  [libjvm.so+0x4c579c]
V  [libjvm.so+0x8b6b50]
V  [libjvm.so+0x8b0fce]
V  [libjvm.so+0x92b806]
V  [libjvm.so+0x91ae9a]
V  [libjvm.so+0x91b0a3]
V  [libjvm.so+0x91ba08]
V  [libjvm.so+0x921cce]
V  [libjvm.so+0x92966d]
V  [libjvm.so+0x8db3c3]
V  [libjvm.so+0xa6a192]
V  [libjvm.so+0xa6f277]
V  [libjvm.so+0xa6ca47]
V  [libjvm.so+0xa6decf]
V  [libjvm.so+0xa6e3c1]
V  [libjvm.so+0x8b4032]

VM_Operation (0x00007f33754f9690): ParallelGCFailedAllocation, mode: safepoint, requested by thread 0x00007f336c00a000


---------------  P R O C E S S  ---------------

Java Threads: ( => current thread )
  0x00007f336c0ae800 JavaThread "Service Thread" daemon [_thread_blocked, id=9578, stack(0x00007f334f823000,0x00007f334f924000)]
  0x00007f336c0ac000 JavaThread "C1 CompilerThread1" daemon [_thread_blocked, id=9577, stack(0x00007f334f924000,0x00007f334fa25000)]
  0x00007f336c0a9000 JavaThread "C2 CompilerThread0" daemon [_thread_blocked, id=9576, stack(0x00007f334fa25000,0x00007f334fb26000)]
  0x00007f336c0a7000 JavaThread "Signal Dispatcher" daemon [_thread_blocked, id=9575, stack(0x00007f334fb26000,0x00007f334fc27000)]
  0x00007f336c07f800 JavaThread "Finalizer" daemon [_thread_blocked, id=9574, stack(0x00007f334feff000,0x00007f3350000000)]
  0x00007f336c07b000 JavaThread "Reference Handler" daemon [_thread_blocked, id=9573, stack(0x00007f335c096000,0x00007f335c197000)]
  0x00007f336c00a000 JavaThread "main" [_thread_blocked, id=9569, stack(0x00007f33753fa000,0x00007f33754fb000)]

Other Threads:
=>0x00007f336c073000 VMThread [stack: 0x00007f335c197000,0x00007f335c298000] [id=9572]
  0x00007f336c0b6000 WatcherThread [stack: 0x00007f334f722000,0x00007f334f823000] [id=9579]

VM state:at safepoint (normal execution)

VM Mutex/Monitor currently owned by a thread:  ([mutex/lock_event])
[0x00007f336c005b60] ExpandHeap_lock - owner thread: 0x00007f336c073000
[0x00007f336c0061e0] Threads_lock - owner thread: 0x00007f336c073000
[0x00007f336c0066e0] Heap_lock - owner thread: 0x00007f336c00a000

Heap:
 PSYoungGen      total 112640K, used 40905K [0x00000000f5900000, 0x0000000100000000, 0x0000000100000000)
  eden space 55808K, 0% used [0x00000000f5900000,0x00000000f5900000,0x00000000f8f80000)
  from space 56832K, 71% used [0x00000000f8f80000,0x00000000fb772400,0x00000000fc700000)
  to   space 56832K, 0% used [0x00000000fc880000,0x00000000fc880000,0x0000000100000000)
 ParOldGen       total 197120K, used 196866K [0x00000000e0a00000, 0x00000000eca80000, 0x00000000f5900000)
  object space 197120K, 99% used [0x00000000e0a00000,0x00000000eca40ba8,0x00000000eca80000)
 Metaspace       used 2681K, capacity 4494K, committed 4864K, reserved 1056768K
  class space    used 279K, capacity 386K, committed 512K, reserved 1048576K

Card table byte_map: [0x00007f33719b5000,0x00007f3371ab1000] byte_map_base: 0x00007f33712b0000

Marking Bits: (ParMarkBitMap*) 0x00007f33746c42c0
 Begin Bits: [0x00007f3370803000, 0x00007f3370fdb000)
 End Bits:   [0x00007f3370fdb000, 0x00007f33717b3000)

Polling page: 0x00007f3375517000

CodeCache: size=245760Kb used=1248Kb max_used=1259Kb free=244511Kb
 bounds [0x00007f335d000000, 0x00007f335d270000, 0x00007f336c000000]
 total_blobs=319 nmethods=86 adapters=148
 compilation: enabled

Compilation events (10 events):
Event: 0.121 Thread 0x00007f336c0ac000   80   !   3       java.io.PrintStream::write (69 bytes)
Event: 0.121 Thread 0x00007f336c0ac000 nmethod 80 0x00007f335d135f90 code [0x00007f335d136160, 0x00007f335d1368b8]
Event: 0.121 Thread 0x00007f336c0ac000   82  s    3       java.io.BufferedOutputStream::write (67 bytes)
Event: 0.122 Thread 0x00007f336c0ac000 nmethod 82 0x00007f335d136cd0 code [0x00007f335d136ea0, 0x00007f335d1376d8]
Event: 0.122 Thread 0x00007f336c0ac000   83       3       java.io.FileOutputStream::write (12 bytes)
Event: 0.122 Thread 0x00007f336c0ac000 nmethod 83 0x00007f335d137990 code [0x00007f335d137b00, 0x00007f335d137c88]
Event: 0.131 Thread 0x00007f336c0ac000   85       1       java.io.OutputStream::flush (1 bytes)
Event: 0.131 Thread 0x00007f336c0ac000 nmethod 85 0x00007f335d137d50 code [0x00007f335d137ea0, 0x00007f335d137fb0]
Event: 0.139 Thread 0x00007f336c0a9000   86       4       java.nio.Buffer::position (43 bytes)
Event: 0.139 Thread 0x00007f336c0a9000 nmethod 86 0x00007f335d13acd0 code [0x00007f335d13ae20, 0x00007f335d13aef8]

GC Heap History (10 events):
Event: 0.250 GC heap after
Heap after GC invocations=10 (full 4):
 PSYoungGen      total 65024K, used 30208K [0x00000000f5900000, 0x00000000fd500000, 0x0000000100000000)
  eden space 34816K, 0% used [0x00000000f5900000,0x00000000f5900000,0x00000000f7b00000)
  from space 30208K, 100% used [0x00000000fa000000,0x00000000fbd80000,0x00000000fbd80000)
  to   space 37888K, 0% used [0x00000000f7b00000,0x00000000f7b00000,0x00000000fa000000)
 ParOldGen       total 133120K, used 82695K [0x00000000e0a00000, 0x00000000e8c00000, 0x00000000f5900000)
  object space 133120K, 62% used [0x00000000e0a00000,0x00000000e5ac1c58,0x00000000e8c00000)
 Metaspace       used 2681K, capacity 4494K, committed 4864K, reserved 1056768K
  class space    used 279K, capacity 386K, committed 512K, reserved 1048576K
}
Event: 0.253 GC heap before
{Heap before GC invocations=11 (full 4):
 PSYoungGen      total 65024K, used 65024K [0x00000000f5900000, 0x00000000fd500000, 0x0000000100000000)
  eden space 34816K, 100% used [0x00000000f5900000,0x00000000f7b00000,0x00000000f7b00000)
  from space 30208K, 100% used [0x00000000fa000000,0x00000000fbd80000,0x00000000fbd80000)
  to   space 37888K, 0% used [0x00000000f7b00000,0x00000000f7b00000,0x00000000fa000000)
 ParOldGen       total 133120K, used 82695K [0x00000000e0a00000, 0x00000000e8c00000, 0x00000000f5900000)
  object space 133120K, 62% used [0x00000000e0a00000,0x00000000e5ac1c58,0x00000000e8c00000)
 Metaspace       used 2681K, capacity 4494K, committed 4864K, reserved 1056768K
  class space    used 279K, capacity 386K, committed 512K, reserved 1048576K
Event: 0.270 GC heap after
Heap after GC invocations=11 (full 4):
 PSYoungGen      total 72704K, used 37888K [0x00000000f5900000, 0x00000000ffe80000, 0x0000000100000000)
  eden space 34816K, 0% used [0x00000000f5900000,0x00000000f5900000,0x00000000f7b00000)
  from space 37888K, 100% used [0x00000000f7b00000,0x00000000fa000000,0x00000000fa000000)
  to   space 56832K, 0% used [0x00000000fc700000,0x00000000fc700000,0x00000000ffe80000)
 ParOldGen       total 133120K, used 110263K [0x00000000e0a00000, 0x00000000e8c00000, 0x00000000f5900000)
  object space 133120K, 82% used [0x00000000e0a00000,0x00000000e75adc58,0x00000000e8c00000)
 Metaspace       used 2681K, capacity 4494K, committed 4864K, reserved 1056768K
  class space    used 279K, capacity 386K, committed 512K, reserved 1048576K
}
Event: 0.270 GC heap before
{Heap before GC invocations=12 (full 5):
 PSYoungGen      total 72704K, used 37888K [0x00000000f5900000, 0x00000000ffe80000, 0x0000000100000000)
  eden space 34816K, 0% used [0x00000000f5900000,0x00000000f5900000,0x00000000f7b00000)
  from space 37888K, 100% used [0x00000000f7b00000,0x00000000fa000000,0x00000000fa000000)
  to   space 56832K, 0% used [0x00000000fc700000,0x00000000fc700000,0x00000000ffe80000)
 ParOldGen       total 133120K, used 110263K [0x00000000e0a00000, 0x00000000e8c00000, 0x00000000f5900000)
  object space 133120K, 82% used [0x00000000e0a00000,0x00000000e75adc58,0x00000000e8c00000)
 Metaspace       used 2681K, capacity 4494K, committed 4864K, reserved 1056768K
  class space    used 279K, capacity 386K, committed 512K, reserved 1048576K
Event: 0.290 GC heap after
Heap after GC invocations=12 (full 5):
 PSYoungGen      total 72704K, used 14140K [0x00000000f5900000, 0x00000000ffe80000, 0x0000000100000000)
  eden space 34816K, 0% used [0x00000000f5900000,0x00000000f5900000,0x00000000f7b00000)
  from space 37888K, 37% used [0x00000000f7b00000,0x00000000f88cf000,0x00000000fa000000)
  to   space 56832K, 0% used [0x00000000fc700000,0x00000000fc700000,0x00000000ffe80000)
 ParOldGen       total 197120K, used 133045K [0x00000000e0a00000, 0x00000000eca80000, 0x00000000f5900000)
  object space 197120K, 67% used [0x00000000e0a00000,0x00000000e8bed7d8,0x00000000eca80000)
 Metaspace       used 2681K, capacity 4494K, committed 4864K, reserved 1056768K
  class space    used 279K, capacity 386K, committed 512K, reserved 1048576K
}
Event: 0.294 GC heap before
{Heap before GC invocations=13 (full 5):
 PSYoungGen      total 72704K, used 48956K [0x00000000f5900000, 0x00000000ffe80000, 0x0000000100000000)
  eden space 34816K, 100% used [0x00000000f5900000,0x00000000f7b00000,0x00000000f7b00000)
  from space 37888K, 37% used [0x00000000f7b00000,0x00000000f88cf000,0x00000000fa000000)
  to   space 56832K, 0% used [0x00000000fc700000,0x00000000fc700000,0x00000000ffe80000)
 ParOldGen       total 197120K, used 133045K [0x00000000e0a00000, 0x00000000eca80000, 0x00000000f5900000)
  object space 197120K, 67% used [0x00000000e0a00000,0x00000000e8bed7d8,0x00000000eca80000)
 Metaspace       used 2681K, capacity 4494K, committed 4864K, reserved 1056768K
  class space    used 279K, capacity 386K, committed 512K, reserved 1048576K
Event: 0.418 GC heap after
Heap after GC invocations=13 (full 5):
 PSYoungGen      total 112640K, used 49664K [0x00000000f5900000, 0x00000000fff80000, 0x0000000100000000)
  eden space 55808K, 0% used [0x00000000f5900000,0x00000000f5900000,0x00000000f8f80000)
  from space 56832K, 87% used [0x00000000fc700000,0x00000000ff780000,0x00000000ffe80000)
  to   space 56832K, 0% used [0x00000000f8f80000,0x00000000f8f80000,0x00000000fc700000)
 ParOldGen       total 197120K, used 133045K [0x00000000e0a00000, 0x00000000eca80000, 0x00000000f5900000)
  object space 197120K, 67% used [0x00000000e0a00000,0x00000000e8bed7d8,0x00000000eca80000)
 Metaspace       used 2681K, capacity 4494K, committed 4864K, reserved 1056768K
  class space    used 279K, capacity 386K, committed 512K, reserved 1048576K
}
Event: 0.423 GC heap before
{Heap before GC invocations=14 (full 5):
 PSYoungGen      total 112640K, used 105472K [0x00000000f5900000, 0x00000000fff80000, 0x0000000100000000)
  eden space 55808K, 100% used [0x00000000f5900000,0x00000000f8f80000,0x00000000f8f80000)
  from space 56832K, 87% used [0x00000000fc700000,0x00000000ff780000,0x00000000ffe80000)
  to   space 56832K, 0% used [0x00000000f8f80000,0x00000000f8f80000,0x00000000fc700000)
 ParOldGen       total 197120K, used 133045K [0x00000000e0a00000, 0x00000000eca80000, 0x00000000f5900000)
  object space 197120K, 67% used [0x00000000e0a00000,0x00000000e8bed7d8,0x00000000eca80000)
 Metaspace       used 2681K, capacity 4494K, committed 4864K, reserved 1056768K
  class space    used 279K, capacity 386K, committed 512K, reserved 1048576K
Event: 0.473 GC heap after
Heap after GC invocations=14 (full 5):
 PSYoungGen      total 112640K, used 56832K [0x00000000f5900000, 0x0000000100000000, 0x0000000100000000)
  eden space 55808K, 0% used [0x00000000f5900000,0x00000000f5900000,0x00000000f8f80000)
  from space 56832K, 100% used [0x00000000f8f80000,0x00000000fc700000,0x00000000fc700000)
  to   space 56832K, 0% used [0x00000000fc880000,0x00000000fc880000,0x0000000100000000)
 ParOldGen       total 197120K, used 182397K [0x00000000e0a00000, 0x00000000eca80000, 0x00000000f5900000)
  object space 197120K, 92% used [0x00000000e0a00000,0x00000000ebc1f7d8,0x00000000eca80000)
 Metaspace       used 2681K, capacity 4494K, committed 4864K, reserved 1056768K
  class space    used 279K, capacity 386K, committed 512K, reserved 1048576K
}
Event: 0.474 GC heap before
{Heap before GC invocations=15 (full 6):
 PSYoungGen      total 112640K, used 56832K [0x00000000f5900000, 0x0000000100000000, 0x0000000100000000)
  eden space 55808K, 0% used [0x00000000f5900000,0x00000000f5900000,0x00000000f8f80000)
  from space 56832K, 100% used [0x00000000f8f80000,0x00000000fc700000,0x00000000fc700000)
  to   space 56832K, 0% used [0x00000000fc880000,0x00000000fc880000,0x0000000100000000)
 ParOldGen       total 197120K, used 182397K [0x00000000e0a00000, 0x00000000eca80000, 0x00000000f5900000)
  object space 197120K, 92% used [0x00000000e0a00000,0x00000000ebc1f7d8,0x00000000eca80000)
 Metaspace       used 2681K, capacity 4494K, committed 4864K, reserved 1056768K
  class space    used 279K, capacity 386K, committed 512K, reserved 1048576K

Deoptimization events (0 events):
No events

Internal exceptions (2 events):
Event: 0.029 Thread 0x00007f336c00a000 Exception <a 'java/lang/NoSuchMethodError': Method sun.misc.Unsafe.defineClass(Ljava/lang/String;[BII)Ljava/lang/Class; name or signature does not match> (0x00000000f5907ca8) thrown at [/build/openjdk-8-W2Qe27/openjdk-8-8u151-b12/src/hotspot/src/share/vm/
Event: 0.029 Thread 0x00007f336c00a000 Exception <a 'java/lang/NoSuchMethodError': Method sun.misc.Unsafe.prefetchRead(Ljava/lang/Object;J)V name or signature does not match> (0x00000000f5907f90) thrown at [/build/openjdk-8-W2Qe27/openjdk-8-8u151-b12/src/hotspot/src/share/vm/prims/jni.cpp, lin

Events (10 events):
Event: 0.199 Executing VM operation: ParallelGCFailedAllocation done
Event: 0.211 Executing VM operation: ParallelGCFailedAllocation
Event: 0.237 Executing VM operation: ParallelGCFailedAllocation done
Event: 0.241 Executing VM operation: ParallelGCFailedAllocation
Event: 0.250 Executing VM operation: ParallelGCFailedAllocation done
Event: 0.253 Executing VM operation: ParallelGCFailedAllocation
Event: 0.291 Executing VM operation: ParallelGCFailedAllocation done
Event: 0.294 Executing VM operation: ParallelGCFailedAllocation
Event: 0.418 Executing VM operation: ParallelGCFailedAllocation done
Event: 0.423 Executing VM operation: ParallelGCFailedAllocation


Dynamic libraries:
00400000-00401000 r-xp 00000000 08:01 1180126                            /usr/lib/jvm/java-8-openjdk-amd64/jre/bin/java
00600000-00601000 r--p 00000000 08:01 1180126                            /usr/lib/jvm/java-8-openjdk-amd64/jre/bin/java
00601000-00602000 rw-p 00001000 08:01 1180126                            /usr/lib/jvm/java-8-openjdk-amd64/jre/bin/java
01e5b000-01e7c000 rw-p 00000000 00:00 0                                  [heap]
e0a00000-eca80000 rw-p 00000000 00:00 0 
f1780000-f5900000 ---p 00000000 00:00 0 
f5900000-100000000 rw-p 00000000 00:00 0 
100000000-100080000 rw-p 00000000 00:00 0 
100080000-140000000 ---p 00000000 00:00 0 
7f332c000000-7f332c021000 rw-p 00000000 00:00 0 
7f332c021000-7f3330000000 ---p 00000000 00:00 0 
7f3334000000-7f3334078000 rw-p 00000000 00:00 0 
7f3334078000-7f3338000000 ---p 00000000 00:00 0 
7f3338000000-7f3338021000 rw-p 00000000 00:00 0 
7f3338021000-7f333c000000 ---p 00000000 00:00 0 
7f333c000000-7f333c021000 rw-p 00000000 00:00 0 
7f333c021000-7f3340000000 ---p 00000000 00:00 0 
7f3340000000-7f33400b4000 rw-p 00000000 00:00 0 
7f33400b4000-7f3344000000 ---p 00000000 00:00 0 
7f3344000000-7f3344021000 rw-p 00000000 00:00 0 
7f3344021000-7f3348000000 ---p 00000000 00:00 0 
7f3348000000-7f3348021000 rw-p 00000000 00:00 0 
7f3348021000-7f334c000000 ---p 00000000 00:00 0 
7f334f68c000-7f334f722000 r--s 008d7000 08:01 594843                     /usr/share/java/openjfx/jre/lib/ext/jfxrt.jar
7f334f722000-7f334f723000 ---p 00000000 00:00 0 
7f334f723000-7f334f823000 rw-p 00000000 00:00 0 
7f334f823000-7f334f826000 ---p 00000000 00:00 0 
7f334f826000-7f334f924000 rw-p 00000000 00:00 0 
7f334f924000-7f334f927000 ---p 00000000 00:00 0 
7f334f927000-7f334fa25000 rw-p 00000000 00:00 0 
7f334fa25000-7f334fa28000 ---p 00000000 00:00 0 
7f334fa28000-7f334fb26000 rw-p 00000000 00:00 0 
7f334fb26000-7f334fb29000 ---p 00000000 00:00 0 
7f334fb29000-7f334fc27000 rw-p 00000000 00:00 0 
7f334fc27000-7f334feff000 r--p 00000000 08:01 7273                       /usr/lib/locale/locale-archive
7f334feff000-7f334ff02000 ---p 00000000 00:00 0 
7f334ff02000-7f3350000000 rw-p 00000000 00:00 0 
7f3350000000-7f3350021000 rw-p 00000000 00:00 0 
7f3350021000-7f3354000000 ---p 00000000 00:00 0 
7f3354000000-7f3354021000 rw-p 00000000 00:00 0 
7f3354021000-7f3358000000 ---p 00000000 00:00 0 
7f3358000000-7f3358021000 rw-p 00000000 00:00 0 
7f3358021000-7f335c000000 ---p 00000000 00:00 0 
7f335c060000-7f335c07b000 r--s 00394000 08:01 1180063                    /usr/lib/jvm/java-8-openjdk-amd64/jre/lib/ext/cldrdata.jar
7f335c07b000-7f335c096000 r--s 001d6000 08:01 1180065                    /usr/lib/jvm/java-8-openjdk-amd64/jre/lib/ext/nashorn.jar
7f335c096000-7f335c099000 ---p 00000000 00:00 0 
7f335c099000-7f335c197000 rw-p 00000000 00:00 0 
7f335c197000-7f335c198000 ---p 00000000 00:00 0 
7f335c198000-7f335cc40000 rw-p 00000000 00:00 0 
7f335cc40000-7f335d000000 ---p 00000000 00:00 0 
7f335d000000-7f335d270000 rwxp 00000000 00:00 0 
7f335d270000-7f336c000000 ---p 00000000 00:00 0 
7f336c000000-7f336c14e000 rw-p 00000000 00:00 0 
7f336c14e000-7f3370000000 ---p 00000000 00:00 0 
7f337000c000-7f3370016000 r--s 00116000 08:01 1180068                    /usr/lib/jvm/java-8-openjdk-amd64/jre/lib/ext/localedata.jar
7f3370016000-7f3370468000 rw-p 00000000 00:00 0 
7f3370468000-7f3370637000 r--s 03c21000 08:01 1180059                    /usr/lib/jvm/java-8-openjdk-amd64/jre/lib/rt.jar
7f3370637000-7f33717b3000 rw-p 00000000 00:00 0 
7f33717b3000-7f33717b4000 ---p 00000000 00:00 0 
7f33717b4000-7f33718b4000 rw-p 00000000 00:00 0 
7f33718b4000-7f33718b5000 ---p 00000000 00:00 0 
7f33718b5000-7f3371a16000 rw-p 00000000 00:00 0 
7f3371a16000-7f3371a5c000 ---p 00000000 00:00 0 
7f3371a5c000-7f3371ab0000 rw-p 00000000 00:00 0 
7f3371ab0000-7f3371abb000 rw-p 00000000 00:00 0 
7f3371abb000-7f3371e71000 ---p 00000000 00:00 0 
7f3371e71000-7f3371e79000 r-xp 00000000 08:01 1180098                    /usr/lib/jvm/java-8-openjdk-amd64/jre/lib/amd64/libzip.so
7f3371e79000-7f3372078000 ---p 00008000 08:01 1180098                    /usr/lib/jvm/java-8-openjdk-amd64/jre/lib/amd64/libzip.so
7f3372078000-7f3372079000 r--p 00007000 08:01 1180098                    /usr/lib/jvm/java-8-openjdk-amd64/jre/lib/amd64/libzip.so
7f3372079000-7f337207a000 rw-p 00008000 08:01 1180098                    /usr/lib/jvm/java-8-openjdk-amd64/jre/lib/amd64/libzip.so
7f337207a000-7f3372085000 r-xp 00000000 08:01 918865                     /lib/x86_64-linux-gnu/libnss_files-2.23.so
7f3372085000-7f3372284000 ---p 0000b000 08:01 918865                     /lib/x86_64-linux-gnu/libnss_files-2.23.so
7f3372284000-7f3372285000 r--p 0000a000 08:01 918865                     /lib/x86_64-linux-gnu/libnss_files-2.23.so
7f3372285000-7f3372286000 rw-p 0000b000 08:01 918865                     /lib/x86_64-linux-gnu/libnss_files-2.23.so
7f3372286000-7f337228c000 rw-p 00000000 00:00 0 
7f337228c000-7f3372297000 r-xp 00000000 08:01 919105                     /lib/x86_64-linux-gnu/libnss_nis-2.23.so
7f3372297000-7f3372496000 ---p 0000b000 08:01 919105                     /lib/x86_64-linux-gnu/libnss_nis-2.23.so
7f3372496000-7f3372497000 r--p 0000a000 08:01 919105                     /lib/x86_64-linux-gnu/libnss_nis-2.23.so
7f3372497000-7f3372498000 rw-p 0000b000 08:01 919105                     /lib/x86_64-linux-gnu/libnss_nis-2.23.so
7f3372498000-7f33724ae000 r-xp 00000000 08:01 917850                     /lib/x86_64-linux-gnu/libnsl-2.23.so
7f33724ae000-7f33726ad000 ---p 00016000 08:01 917850                     /lib/x86_64-linux-gnu/libnsl-2.23.so
7f33726ad000-7f33726ae000 r--p 00015000 08:01 917850                     /lib/x86_64-linux-gnu/libnsl-2.23.so
7f33726ae000-7f33726af000 rw-p 00016000 08:01 917850                     /lib/x86_64-linux-gnu/libnsl-2.23.so
7f33726af000-7f33726b1000 rw-p 00000000 00:00 0 
7f33726b1000-7f33726b9000 r-xp 00000000 08:01 919432                     /lib/x86_64-linux-gnu/libnss_compat-2.23.so
7f33726b9000-7f33728b8000 ---p 00008000 08:01 919432                     /lib/x86_64-linux-gnu/libnss_compat-2.23.so
7f33728b8000-7f33728b9000 r--p 00007000 08:01 919432                     /lib/x86_64-linux-gnu/libnss_compat-2.23.so
7f33728b9000-7f33728ba000 rw-p 00008000 08:01 919432                     /lib/x86_64-linux-gnu/libnss_compat-2.23.so
7f33728ba000-7f33728e7000 r-xp 00000000 08:01 1180081                    /usr/lib/jvm/java-8-openjdk-amd64/jre/lib/amd64/libjava.so
7f33728e7000-7f3372ae6000 ---p 0002d000 08:01 1180081                    /usr/lib/jvm/java-8-openjdk-amd64/jre/lib/amd64/libjava.so
7f3372ae6000-7f3372ae7000 r--p 0002c000 08:01 1180081                    /usr/lib/jvm/java-8-openjdk-amd64/jre/lib/amd64/libjava.so
7f3372ae7000-7f3372ae9000 rw-p 0002d000 08:01 1180081                    /usr/lib/jvm/java-8-openjdk-amd64/jre/lib/amd64/libjava.so
7f3372ae9000-7f3372af8000 r-xp 00000000 08:01 1180096                    /usr/lib/jvm/java-8-openjdk-amd64/jre/lib/amd64/libverify.so
7f3372af8000-7f3372cf7000 ---p 0000f000 08:01 1180096                    /usr/lib/jvm/java-8-openjdk-amd64/jre/lib/amd64/libverify.so
7f3372cf7000-7f3372cf9000 r--p 0000e000 08:01 1180096                    /usr/lib/jvm/java-8-openjdk-amd64/jre/lib/amd64/libverify.so
7f3372cf9000-7f3372cfa000 rw-p 00010000 08:01 1180096                    /usr/lib/jvm/java-8-openjdk-amd64/jre/lib/amd64/libverify.so
7f3372cfa000-7f3372d01000 r-xp 00000000 08:01 919428                     /lib/x86_64-linux-gnu/librt-2.23.so
7f3372d01000-7f3372f00000 ---p 00007000 08:01 919428                     /lib/x86_64-linux-gnu/librt-2.23.so
7f3372f00000-7f3372f01000 r--p 00006000 08:01 919428                     /lib/x86_64-linux-gnu/librt-2.23.so
7f3372f01000-7f3372f02000 rw-p 00007000 08:01 919428                     /lib/x86_64-linux-gnu/librt-2.23.so
7f3372f02000-7f3372f18000 r-xp 00000000 08:01 922900                     /lib/x86_64-linux-gnu/libgcc_s.so.1
7f3372f18000-7f3373117000 ---p 00016000 08:01 922900                     /lib/x86_64-linux-gnu/libgcc_s.so.1
7f3373117000-7f3373118000 rw-p 00015000 08:01 922900                     /lib/x86_64-linux-gnu/libgcc_s.so.1
7f3373118000-7f3373220000 r-xp 00000000 08:01 919437                     /lib/x86_64-linux-gnu/libm-2.23.so
7f3373220000-7f337341f000 ---p 00108000 08:01 919437                     /lib/x86_64-linux-gnu/libm-2.23.so
7f337341f000-7f3373420000 r--p 00107000 08:01 919437                     /lib/x86_64-linux-gnu/libm-2.23.so
7f3373420000-7f3373421000 rw-p 00108000 08:01 919437                     /lib/x86_64-linux-gnu/libm-2.23.so
7f3373421000-7f3373593000 r-xp 00000000 08:01 1292                       /usr/lib/x86_64-linux-gnu/libstdc++.so.6.0.21
7f3373593000-7f3373793000 ---p 00172000 08:01 1292                       /usr/lib/x86_64-linux-gnu/libstdc++.so.6.0.21
7f3373793000-7f337379d000 r--p 00172000 08:01 1292                       /usr/lib/x86_64-linux-gnu/libstdc++.so.6.0.21
7f337379d000-7f337379f000 rw-p 0017c000 08:01 1292                       /usr/lib/x86_64-linux-gnu/libstdc++.so.6.0.21
7f337379f000-7f33737a3000 rw-p 00000000 00:00 0 
7f33737a3000-7f33743f5000 r-xp 00000000 08:01 1180091                    /usr/lib/jvm/java-8-openjdk-amd64/jre/lib/amd64/server/libjvm.so
7f33743f5000-7f33745f5000 ---p 00c52000 08:01 1180091                    /usr/lib/jvm/java-8-openjdk-amd64/jre/lib/amd64/server/libjvm.so
7f33745f5000-7f3374688000 r--p 00c52000 08:01 1180091                    /usr/lib/jvm/java-8-openjdk-amd64/jre/lib/amd64/server/libjvm.so
7f3374688000-7f33746b1000 rw-p 00ce5000 08:01 1180091                    /usr/lib/jvm/java-8-openjdk-amd64/jre/lib/amd64/server/libjvm.so
7f33746b1000-7f33746e1000 rw-p 00000000 00:00 0 
7f33746e1000-7f33746f9000 r-xp 00000000 08:01 919104                     /lib/x86_64-linux-gnu/libpthread-2.23.so
7f33746f9000-7f33748f8000 ---p 00018000 08:01 919104                     /lib/x86_64-linux-gnu/libpthread-2.23.so
7f33748f8000-7f33748f9000 r--p 00017000 08:01 919104                     /lib/x86_64-linux-gnu/libpthread-2.23.so
7f33748f9000-7f33748fa000 rw-p 00018000 08:01 919104                     /lib/x86_64-linux-gnu/libpthread-2.23.so
7f33748fa000-7f33748fe000 rw-p 00000000 00:00 0 
7f33748fe000-7f3374901000 r-xp 00000000 08:01 919431                     /lib/x86_64-linux-gnu/libdl-2.23.so
7f3374901000-7f3374b00000 ---p 00003000 08:01 919431                     /lib/x86_64-linux-gnu/libdl-2.23.so
7f3374b00000-7f3374b01000 r--p 00002000 08:01 919431                     /lib/x86_64-linux-gnu/libdl-2.23.so
7f3374b01000-7f3374b02000 rw-p 00003000 08:01 919431                     /lib/x86_64-linux-gnu/libdl-2.23.so
7f3374b02000-7f3374b1b000 r-xp 00000000 08:01 923053                     /lib/x86_64-linux-gnu/libz.so.1.2.8
7f3374b1b000-7f3374d1a000 ---p 00019000 08:01 923053                     /lib/x86_64-linux-gnu/libz.so.1.2.8
7f3374d1a000-7f3374d1b000 r--p 00018000 08:01 923053                     /lib/x86_64-linux-gnu/libz.so.1.2.8
7f3374d1b000-7f3374d1c000 rw-p 00019000 08:01 923053                     /lib/x86_64-linux-gnu/libz.so.1.2.8
7f3374d1c000-7f3374edc000 r-xp 00000000 08:01 919442                     /lib/x86_64-linux-gnu/libc-2.23.so
7f3374edc000-7f33750dc000 ---p 001c0000 08:01 919442                     /lib/x86_64-linux-gnu/libc-2.23.so
7f33750dc000-7f33750e0000 r--p 001c0000 08:01 919442                     /lib/x86_64-linux-gnu/libc-2.23.so
7f33750e0000-7f33750e2000 rw-p 001c4000 08:01 919442                     /lib/x86_64-linux-gnu/libc-2.23.so
7f33750e2000-7f33750e6000 rw-p 00000000 00:00 0 
7f33750e6000-7f33750f3000 r-xp 00000000 08:01 1180094                    /usr/lib/jvm/java-8-openjdk-amd64/jre/lib/amd64/jli/libjli.so
7f33750f3000-7f33752f3000 ---p 0000d000 08:01 1180094                    /usr/lib/jvm/java-8-openjdk-amd64/jre/lib/amd64/jli/libjli.so
7f33752f3000-7f33752f4000 r--p 0000d000 08:01 1180094                    /usr/lib/jvm/java-8-openjdk-amd64/jre/lib/amd64/jli/libjli.so
7f33752f4000-7f33752f5000 rw-p 0000e000 08:01 1180094                    /usr/lib/jvm/java-8-openjdk-amd64/jre/lib/amd64/jli/libjli.so
7f33752f5000-7f337531b000 r-xp 00000000 08:01 917862                     /lib/x86_64-linux-gnu/ld-2.23.so
7f337531b000-7f337531d000 r--s 00008000 08:01 1180067                    /usr/lib/jvm/java-8-openjdk-amd64/jre/lib/ext/sunec.jar
7f337531d000-7f3375320000 r--s 0000f000 08:01 1180062                    /usr/lib/jvm/java-8-openjdk-amd64/jre/lib/ext/icedtea-sound.jar
7f3375320000-7f3375326000 r--s 0003a000 08:01 1180066                    /usr/lib/jvm/java-8-openjdk-amd64/jre/lib/ext/sunjce_provider.jar
7f3375326000-7f337532a000 r--s 00037000 08:01 1180069                    /usr/lib/jvm/java-8-openjdk-amd64/jre/lib/ext/sunpkcs11.jar
7f337532a000-7f33753b3000 rw-p 00000000 00:00 0 
7f33753b3000-7f33753fa000 ---p 00000000 00:00 0 
7f33753fa000-7f33753fd000 ---p 00000000 00:00 0 
7f33753fd000-7f3375500000 rw-p 00000000 00:00 0 
7f3375500000-7f3375501000 r--s 0000a000 08:01 1180070                    /usr/lib/jvm/java-8-openjdk-amd64/jre/lib/ext/jaccess.jar
7f3375501000-7f3375502000 r--s 00010000 08:01 1180064                    /usr/lib/jvm/java-8-openjdk-amd64/jre/lib/ext/zipfs.jar
7f3375502000-7f3375504000 r--s 00001000 08:01 1180071                    /usr/lib/jvm/java-8-openjdk-amd64/jre/lib/ext/dnsns.jar
7f3375504000-7f337550e000 rw-p 00000000 00:00 0 
7f337550e000-7f3375516000 rw-s 00000000 08:01 10475                      /tmp/hsperfdata_canerbakar/9565
7f3375516000-7f3375517000 rw-p 00000000 00:00 0 
7f3375517000-7f3375518000 ---p 00000000 00:00 0 
7f3375518000-7f337551a000 rw-p 00000000 00:00 0 
7f337551a000-7f337551b000 r--p 00025000 08:01 917862                     /lib/x86_64-linux-gnu/ld-2.23.so
7f337551b000-7f337551c000 rw-p 00026000 08:01 917862                     /lib/x86_64-linux-gnu/ld-2.23.so
7f337551c000-7f337551d000 rw-p 00000000 00:00 0 
7ffd5dfcb000-7ffd5dfec000 rw-p 00000000 00:00 0                          [stack]
7ffd5dff5000-7ffd5dff7000 r--p 00000000 00:00 0                          [vvar]
7ffd5dff7000-7ffd5dff9000 r-xp 00000000 00:00 0                          [vdso]
ffffffffff600000-ffffffffff601000 r-xp 00000000 00:00 0                  [vsyscall]

VM Arguments:
jvm_args: -Dfile.encoding=UTF-8 
java_command: bitirme.Bitirme
java_class_path (initial): /home/canerbakar/NetBeansProjects/bitirme/build/classes
Launcher Type: SUN_STANDARD

Environment Variables:
PATH=/home/canerbakar/bin:/home/canerbakar/.local/bin:/usr/local/sbin:/usr/local/bin:/usr/sbin:/usr/bin:/sbin:/bin:/usr/games:/usr/local/games:/snap/bin
LD_LIBRARY_PATH=/usr/lib/jvm/java-1.8.0-openjdk-amd64/jre/lib/amd64:/usr/lib/jvm/java-1.8.0-openjdk-amd64/jre/lib/i386:
SHELL=/bin/bash
DISPLAY=:0

Signal Handlers:
SIGSEGV: [libjvm.so+0xa69040], sa_mask[0]=11111111011111111101111111111110, sa_flags=SA_RESTART|SA_SIGINFO
SIGBUS: [libjvm.so+0xa69040], sa_mask[0]=11111111011111111101111111111110, sa_flags=SA_RESTART|SA_SIGINFO
SIGFPE: [libjvm.so+0x8b2170], sa_mask[0]=11111111011111111101111111111110, sa_flags=SA_RESTART|SA_SIGINFO
SIGPIPE: [libjvm.so+0x8b2170], sa_mask[0]=11111111011111111101111111111110, sa_flags=SA_RESTART|SA_SIGINFO
SIGXFSZ: [libjvm.so+0x8b2170], sa_mask[0]=11111111011111111101111111111110, sa_flags=SA_RESTART|SA_SIGINFO
SIGILL: [libjvm.so+0x8b2170], sa_mask[0]=11111111011111111101111111111110, sa_flags=SA_RESTART|SA_SIGINFO
SIGUSR1: SIG_DFL, sa_mask[0]=00000000000000000000000000000000, sa_flags=none
SIGUSR2: [libjvm.so+0x8b2020], sa_mask[0]=00100000000000000000000000000000, sa_flags=SA_RESTART|SA_SIGINFO
SIGHUP: [libjvm.so+0x8b24f0], sa_mask[0]=11111111011111111101111111111110, sa_flags=SA_RESTART|SA_SIGINFO
SIGINT: SIG_IGN, sa_mask[0]=00000000000000000000000000000000, sa_flags=none
SIGTERM: [libjvm.so+0x8b24f0], sa_mask[0]=11111111011111111101111111111110, sa_flags=SA_RESTART|SA_SIGINFO
SIGQUIT: [libjvm.so+0x8b24f0], sa_mask[0]=11111111011111111101111111111110, sa_flags=SA_RESTART|SA_SIGINFO


---------------  S Y S T E M  ---------------

OS:DISTRIB_ID=Ubuntu
DISTRIB_RELEASE=16.04
DISTRIB_CODENAME=xenial
DISTRIB_DESCRIPTION="Ubuntu 16.04.1 LTS"

uname:Linux 4.4.0-97-generic #120-Ubuntu SMP Tue Sep 19 17:28:18 UTC 2017 x86_64
libc:glibc 2.23 NPTL 2.23 
rlimit: STACK 8192k, CORE 0k, NPROC 7847, NOFILE 65536, AS infinity
load average:0.16 0.29 0.20

/proc/meminfo:
MemTotal:        2048380 kB
MemFree:           54828 kB
MemAvailable:          0 kB
Buffers:             152 kB
Cached:            37024 kB
SwapCached:        16872 kB
Active:          1159364 kB
Inactive:         391352 kB
Active(anon):    1156292 kB
Inactive(anon):   388364 kB
Active(file):       3072 kB
Inactive(file):     2988 kB
Unevictable:          32 kB
Mlocked:              32 kB
SwapTotal:       1046524 kB
SwapFree:              0 kB
Dirty:                 0 kB
Writeback:             0 kB
AnonPages:       1497096 kB
Mapped:             5188 kB
Shmem:             30836 kB
Slab:              81240 kB
SReclaimable:      33724 kB
SUnreclaim:        47516 kB
KernelStack:       12448 kB
PageTables:        36952 kB
NFS_Unstable:          0 kB
Bounce:                0 kB
WritebackTmp:          0 kB
CommitLimit:     2070712 kB
Committed_AS:    6510924 kB
VmallocTotal:   34359738367 kB
VmallocUsed:           0 kB
VmallocChunk:          0 kB
HardwareCorrupted:     0 kB
AnonHugePages:    712704 kB
CmaTotal:              0 kB
CmaFree:               0 kB
HugePages_Total:       0
HugePages_Free:        0
HugePages_Rsvd:        0
HugePages_Surp:        0
Hugepagesize:       2048 kB
DirectMap4k:      270208 kB
DirectMap2M:     1847296 kB
DirectMap1G:     1048576 kB


CPU:total 2 (initial active 2) (1 cores per cpu, 1 threads per core) family 6 model 70 stepping 1, cmov, cx8, fxsr, mmx, sse, sse2, sse3, ssse3, sse4.1, sse4.2, popcnt, avx, avx2, aes, clmul, erms, lzcnt, tsc, tscinvbit, bmi1, bmi2

/proc/cpuinfo:
processor	: 0
vendor_id	: GenuineIntel
cpu family	: 6
model		: 70
model name	: Intel(R) Core(TM) i7-4850HQ CPU @ 2.30GHz
stepping	: 1
microcode	: 0xf
cpu MHz		: 2294.459
cache size	: 6144 KB
physical id	: 0
siblings	: 1
core id		: 0
cpu cores	: 1
apicid		: 0
initial apicid	: 0
fpu		: yes
fpu_exception	: yes
cpuid level	: 13
wp		: yes
flags		: fpu vme de pse tsc msr pae mce cx8 apic sep mtrr pge mca cmov pat pse36 clflush dts mmx fxsr sse sse2 ss syscall nx pdpe1gb rdtscp lm constant_tsc arch_perfmon pebs bts nopl xtopology tsc_reliable nonstop_tsc aperfmperf eagerfpu pni pclmulqdq ssse3 fma cx16 pcid sse4_1 sse4_2 x2apic movbe popcnt tsc_deadline_timer aes xsave avx f16c rdrand hypervisor lahf_lm abm epb fsgsbase tsc_adjust bmi1 avx2 smep bmi2 invpcid xsaveopt dtherm ida arat pln pts
bugs		:
bogomips	: 4588.91
clflush size	: 64
cache_alignment	: 64
address sizes	: 42 bits physical, 48 bits virtual
power management:

processor	: 1
vendor_id	: GenuineIntel
cpu family	: 6
model		: 70
model name	: Intel(R) Core(TM) i7-4850HQ CPU @ 2.30GHz
stepping	: 1
microcode	: 0xf
cpu MHz		: 2294.459
cache size	: 6144 KB
physical id	: 2
siblings	: 1
core id		: 0
cpu cores	: 1
apicid		: 2
initial apicid	: 2
fpu		: yes
fpu_exception	: yes
cpuid level	: 13
wp		: yes
flags		: fpu vme de pse tsc msr pae mce cx8 apic sep mtrr pge mca cmov pat pse36 clflush dts mmx fxsr sse sse2 ss syscall nx pdpe1gb rdtscp lm constant_tsc arch_perfmon pebs bts nopl xtopology tsc_reliable nonstop_tsc aperfmperf eagerfpu pni pclmulqdq ssse3 fma cx16 pcid sse4_1 sse4_2 x2apic movbe popcnt tsc_deadline_timer aes xsave avx f16c rdrand hypervisor lahf_lm abm epb fsgsbase tsc_adjust bmi1 avx2 smep bmi2 invpcid xsaveopt dtherm ida arat pln pts
bugs		:
bogomips	: 4588.91
clflush size	: 64
cache_alignment	: 64
address sizes	: 42 bits physical, 48 bits virtual
power management:



Memory: 4k page, physical 2048380k(55440k free), swap 1046524k(0k free)

vm_info: OpenJDK 64-Bit Server VM (25.151-b12) for linux-amd64 JRE (1.8.0_151-8u151-b12-0ubuntu0.16.04.2-b12), built on Oct 27 2017 21:59:02 by "buildd" with gcc 5.4.0 20160609

time: Sun Dec  3 18:55:56 2017
elapsed time: 1 seconds (0d 0h 0m 1s)

