#
# There is insufficient memory for the Java Runtime Environment to continue.
# Native memory allocation (mmap) failed to map 116916224 bytes for committing reserved memory.
# Possible reasons:
#   The system is out of physical RAM or swap space
#   In 32 bit mode, the process size limit was hit
# Possible solutions:
#   Reduce memory load on the system
#   Increase physical memory or swap space
#   Check if swap backing store is full
#   Use 64 bit Java on a 64 bit OS
#   Decrease Java heap size (-Xmx/-Xms)
#   Decrease number of Java threads
#   Decrease Java thread stack sizes (-Xss)
#   Set larger code cache with -XX:ReservedCodeCacheSize=
# This output file may be truncated or incomplete.
#
#  Out of Memory Error (os_linux.cpp:2643), pid=72828, tid=0x00007f75734cc700
#
# JRE version: OpenJDK Runtime Environment (8.0_151-b12) (build 1.8.0_151-8u151-b12-0ubuntu0.16.04.2-b12)
# Java VM: OpenJDK 64-Bit Server VM (25.151-b12 mixed mode linux-amd64 compressed oops)
# Failed to write core dump. Core dumps have been disabled. To enable core dumping, try "ulimit -c unlimited" before starting Java again
#

---------------  T H R E A D  ---------------

Current thread (0x00007f756c00a000):  JavaThread "main" [_thread_in_vm, id=72830, stack(0x00007f75733cc000,0x00007f75734cd000)]

Stack: [0x00007f75733cc000,0x00007f75734cd000],  sp=0x00007f75734ca9b0,  free space=1018k
Native frames: (J=compiled Java code, j=interpreted, Vv=VM code, C=native code)
V  [libjvm.so+0xa684eb]
V  [libjvm.so+0x4c579c]
V  [libjvm.so+0x8b6b50]
V  [libjvm.so+0x8b0fce]
V  [libjvm.so+0x92b806]
V  [libjvm.so+0x91ae9a]
V  [libjvm.so+0x91b0cc]
V  [libjvm.so+0x91b378]
V  [libjvm.so+0x8dab27]
V  [libjvm.so+0x6254e2]
V  [libjvm.so+0x61afc1]
V  [libjvm.so+0x6502d5]
j  java.util.Arrays.copyOf([Ljava/lang/Object;ILjava/lang/Class;)[Ljava/lang/Object;+7
j  java.util.Arrays.copyOf([Ljava/lang/Object;I)[Ljava/lang/Object;+6
j  java.util.ArrayList.grow(I)V+38
J 125 C2 bitirme.MST.printAllPathsUtil(II[ZLjava/util/ArrayList;)V (157 bytes) @ 0x00007f755cf49930 [0x00007f755cf48a60+0xed0]
J 125 C2 bitirme.MST.printAllPathsUtil(II[ZLjava/util/ArrayList;)V (157 bytes) @ 0x00007f755cf49014 [0x00007f755cf48a60+0x5b4]
J 125 C2 bitirme.MST.printAllPathsUtil(II[ZLjava/util/ArrayList;)V (157 bytes) @ 0x00007f755cf49014 [0x00007f755cf48a60+0x5b4]
J 125 C2 bitirme.MST.printAllPathsUtil(II[ZLjava/util/ArrayList;)V (157 bytes) @ 0x00007f755cf49014 [0x00007f755cf48a60+0x5b4]
J 125 C2 bitirme.MST.printAllPathsUtil(II[ZLjava/util/ArrayList;)V (157 bytes) @ 0x00007f755cf49014 [0x00007f755cf48a60+0x5b4]
j  bitirme.MST.printAllPathsUtil(II[ZLjava/util/ArrayList;)V+132
j  bitirme.MST.printAllPathsUtil(II[ZLjava/util/ArrayList;)V+132
j  bitirme.MST.printAllPathsUtil(II[ZLjava/util/ArrayList;)V+132
j  bitirme.MST.printAllPathsUtil(II[ZLjava/util/ArrayList;)V+132
j  bitirme.MST.printAllPathsUtil(II[ZLjava/util/ArrayList;)V+132
j  bitirme.MST.printAllPathsUtil(II[ZLjava/util/ArrayList;)V+132
j  bitirme.MST.printAllPathsUtil(II[ZLjava/util/ArrayList;)V+132
j  bitirme.MST.printAllPaths(II)V+22
j  bitirme.MST.allPairces([[I[[I)I+57
j  bitirme.Bitirme.main([Ljava/lang/String;)V+239
v  ~StubRoutines::call_stub
V  [libjvm.so+0x66287b]
V  [libjvm.so+0x68452e]
V  [libjvm.so+0x686e5f]
C  [libjli.so+0x3552]
C  [libjli.so+0x73dd]
C  [libpthread.so.0+0x76ba]  start_thread+0xca

Java frames: (J=compiled Java code, j=interpreted, Vv=VM code)
j  java.util.Arrays.copyOf([Ljava/lang/Object;ILjava/lang/Class;)[Ljava/lang/Object;+7
j  java.util.Arrays.copyOf([Ljava/lang/Object;I)[Ljava/lang/Object;+6
j  java.util.ArrayList.grow(I)V+38
J 125 C2 bitirme.MST.printAllPathsUtil(II[ZLjava/util/ArrayList;)V (157 bytes) @ 0x00007f755cf49930 [0x00007f755cf48a60+0xed0]
J 125 C2 bitirme.MST.printAllPathsUtil(II[ZLjava/util/ArrayList;)V (157 bytes) @ 0x00007f755cf49014 [0x00007f755cf48a60+0x5b4]
J 125 C2 bitirme.MST.printAllPathsUtil(II[ZLjava/util/ArrayList;)V (157 bytes) @ 0x00007f755cf49014 [0x00007f755cf48a60+0x5b4]
J 125 C2 bitirme.MST.printAllPathsUtil(II[ZLjava/util/ArrayList;)V (157 bytes) @ 0x00007f755cf49014 [0x00007f755cf48a60+0x5b4]
J 125 C2 bitirme.MST.printAllPathsUtil(II[ZLjava/util/ArrayList;)V (157 bytes) @ 0x00007f755cf49014 [0x00007f755cf48a60+0x5b4]
j  bitirme.MST.printAllPathsUtil(II[ZLjava/util/ArrayList;)V+132
j  bitirme.MST.printAllPathsUtil(II[ZLjava/util/ArrayList;)V+132
j  bitirme.MST.printAllPathsUtil(II[ZLjava/util/ArrayList;)V+132
j  bitirme.MST.printAllPathsUtil(II[ZLjava/util/ArrayList;)V+132
j  bitirme.MST.printAllPathsUtil(II[ZLjava/util/ArrayList;)V+132
j  bitirme.MST.printAllPathsUtil(II[ZLjava/util/ArrayList;)V+132
j  bitirme.MST.printAllPathsUtil(II[ZLjava/util/ArrayList;)V+132
j  bitirme.MST.printAllPaths(II)V+22
j  bitirme.MST.allPairces([[I[[I)I+57
j  bitirme.Bitirme.main([Ljava/lang/String;)V+239
v  ~StubRoutines::call_stub

---------------  P R O C E S S  ---------------

Java Threads: ( => current thread )
  0x00007f756c0ae800 JavaThread "Service Thread" daemon [_thread_blocked, id=72841, stack(0x00007f7559897000,0x00007f7559998000)]
  0x00007f756c0ac000 JavaThread "C1 CompilerThread1" daemon [_thread_blocked, id=72840, stack(0x00007f7559998000,0x00007f7559a99000)]
  0x00007f756c0a9000 JavaThread "C2 CompilerThread0" daemon [_thread_blocked, id=72839, stack(0x00007f7559a99000,0x00007f7559b9a000)]
  0x00007f756c0a7000 JavaThread "Signal Dispatcher" daemon [_thread_blocked, id=72838, stack(0x00007f7559b9a000,0x00007f7559c9b000)]
  0x00007f756c07f800 JavaThread "Finalizer" daemon [_thread_blocked, id=72837, stack(0x00007f7559f73000,0x00007f755a074000)]
  0x00007f756c07b000 JavaThread "Reference Handler" daemon [_thread_blocked, id=72836, stack(0x00007f755a074000,0x00007f755a175000)]
=>0x00007f756c00a000 JavaThread "main" [_thread_in_vm, id=72830, stack(0x00007f75733cc000,0x00007f75734cd000)]

Other Threads:
  0x00007f756c073000 VMThread [stack: 0x00007f755a175000,0x00007f755a276000] [id=72835]
  0x00007f756c0c5800 WatcherThread [stack: 0x00007f7559796000,0x00007f7559897000] [id=72842]

VM state:not at safepoint (normal execution)

VM Mutex/Monitor currently owned by a thread:  ([mutex/lock_event])
[0x00007f756c005b60] ExpandHeap_lock - owner thread: 0x00007f756c00a000
[0x00007f756c0066e0] Heap_lock - owner thread: 0x00007f756c00a000

Heap:
 PSYoungGen      total 35840K, used 24927K [0x00000000f5900000, 0x00000000f7d00000, 0x0000000100000000)
  eden space 34816K, 71% used [0x00000000f5900000,0x00000000f7157c20,0x00000000f7b00000)
  from space 1024K, 0% used [0x00000000f7c00000,0x00000000f7c00000,0x00000000f7d00000)
  to   space 1024K, 0% used [0x00000000f7b00000,0x00000000f7b00000,0x00000000f7c00000)
 ParOldGen       total 228864K, used 203791K [0x00000000e0a00000, 0x00000000ee980000, 0x00000000f5900000)
  object space 228864K, 89% used [0x00000000e0a00000,0x00000000ed103d48,0x00000000ee980000)
 Metaspace       used 2729K, capacity 4566K, committed 4864K, reserved 1056768K
  class space    used 287K, capacity 390K, committed 512K, reserved 1048576K

Card table byte_map: [0x00007f755c93b000,0x00007f755ca37000] byte_map_base: 0x00007f755c236000

Marking Bits: (ParMarkBitMap*) 0x00007f75726962c0
 Begin Bits: [0x00007f755b789000, 0x00007f755bf61000)
 End Bits:   [0x00007f755bf61000, 0x00007f755c739000)

Polling page: 0x00007f75734e9000

CodeCache: size=245760Kb used=1350Kb max_used=1366Kb free=244409Kb
 bounds [0x00007f755cdf7000, 0x00007f755d067000, 0x00007f756bdf7000]
 total_blobs=365 nmethods=129 adapters=151
 compilation: enabled

Compilation events (10 events):
Event: 0.177 Thread 0x00007f756c0a9000  117       4       java.lang.Integer::equals (29 bytes)
Event: 0.178 Thread 0x00007f756c0a9000 nmethod 117 0x00007f755cf45250 code [0x00007f755cf453a0, 0x00007f755cf45458]
Event: 0.178 Thread 0x00007f756c0a9000  126       4       java.util.LinkedList$ListItr::<init> (47 bytes)
Event: 0.178 Thread 0x00007f756c0a9000 nmethod 126 0x00007f755cf44ed0 code [0x00007f755cf45020, 0x00007f755cf45138]
Event: 0.178 Thread 0x00007f756c0a9000  127       4       java.util.LinkedList::node (65 bytes)
Event: 0.179 Thread 0x00007f756c0a9000 nmethod 127 0x00007f755cf44c50 code [0x00007f755cf44da0, 0x00007f755cf44e38]
Event: 0.179 Thread 0x00007f756c0a9000  128       4       java.util.ArrayList$Itr::<init> (6 bytes)
Event: 0.179 Thread 0x00007f756c0a9000 nmethod 128 0x00007f755cf449d0 code [0x00007f755cf44b20, 0x00007f755cf44bb8]
Event: 0.179 Thread 0x00007f756c0a9000  129       4       java.util.ArrayList$Itr::<init> (26 bytes)
Event: 0.179 Thread 0x00007f756c0a9000 nmethod 129 0x00007f755cf44750 code [0x00007f755cf448a0, 0x00007f755cf44938]

GC Heap History (10 events):
Event: 0.142 GC heap before
{Heap before GC invocations=1 (full 0):
 PSYoungGen      total 9728K, used 8347K [0x00000000f5900000, 0x00000000f6380000, 0x0000000100000000)
  eden space 8704K, 95% used [0x00000000f5900000,0x00000000f6126e88,0x00000000f6180000)
  from space 1024K, 0% used [0x00000000f6280000,0x00000000f6280000,0x00000000f6380000)
  to   space 1024K, 0% used [0x00000000f6180000,0x00000000f6180000,0x00000000f6280000)
 ParOldGen       total 22016K, used 0K [0x00000000e0a00000, 0x00000000e1f80000, 0x00000000f5900000)
  object space 22016K, 0% used [0x00000000e0a00000,0x00000000e0a00000,0x00000000e1f80000)
 Metaspace       used 2728K, capacity 4566K, committed 4864K, reserved 1056768K
  class space    used 287K, capacity 390K, committed 512K, reserved 1048576K
Event: 0.146 GC heap after
Heap after GC invocations=1 (full 0):
 PSYoungGen      total 9728K, used 1008K [0x00000000f5900000, 0x00000000f6c00000, 0x0000000100000000)
  eden space 8704K, 0% used [0x00000000f5900000,0x00000000f5900000,0x00000000f6180000)
  from space 1024K, 98% used [0x00000000f6180000,0x00000000f627c010,0x00000000f6280000)
  to   space 1024K, 0% used [0x00000000f6b00000,0x00000000f6b00000,0x00000000f6c00000)
 ParOldGen       total 22016K, used 1414K [0x00000000e0a00000, 0x00000000e1f80000, 0x00000000f5900000)
  object space 22016K, 6% used [0x00000000e0a00000,0x00000000e0b61b58,0x00000000e1f80000)
 Metaspace       used 2728K, capacity 4566K, committed 4864K, reserved 1056768K
  class space    used 287K, capacity 390K, committed 512K, reserved 1048576K
}
Event: 0.204 GC heap before
{Heap before GC invocations=2 (full 0):
 PSYoungGen      total 9728K, used 9712K [0x00000000f5900000, 0x00000000f6c00000, 0x0000000100000000)
  eden space 8704K, 100% used [0x00000000f5900000,0x00000000f6180000,0x00000000f6180000)
  from space 1024K, 98% used [0x00000000f6180000,0x00000000f627c010,0x00000000f6280000)
  to   space 1024K, 0% used [0x00000000f6b00000,0x00000000f6b00000,0x00000000f6c00000)
 ParOldGen       total 22016K, used 13284K [0x00000000e0a00000, 0x00000000e1f80000, 0x00000000f5900000)
  object space 22016K, 60% used [0x00000000e0a00000,0x00000000e16f9370,0x00000000e1f80000)
 Metaspace       used 2729K, capacity 4566K, committed 4864K, reserved 1056768K
  class space    used 287K, capacity 390K, committed 512K, reserved 1048576K
Event: 0.222 GC heap after
Heap after GC invocations=2 (full 0):
 PSYoungGen      total 18432K, used 992K [0x00000000f5900000, 0x00000000f6c00000, 0x0000000100000000)
  eden space 17408K, 0% used [0x00000000f5900000,0x00000000f5900000,0x00000000f6a00000)
  from space 1024K, 96% used [0x00000000f6b00000,0x00000000f6bf8020,0x00000000f6c00000)
  to   space 1024K, 0% used [0x00000000f6a00000,0x00000000f6a00000,0x00000000f6b00000)
 ParOldGen       total 22016K, used 13321K [0x00000000e0a00000, 0x00000000e1f80000, 0x00000000f5900000)
  object space 22016K, 60% used [0x00000000e0a00000,0x00000000e1702578,0x00000000e1f80000)
 Metaspace       used 2729K, capacity 4566K, committed 4864K, reserved 1056768K
  class space    used 287K, capacity 390K, committed 512K, reserved 1048576K
}
Event: 0.366 GC heap before
{Heap before GC invocations=3 (full 0):
 PSYoungGen      total 18432K, used 18400K [0x00000000f5900000, 0x00000000f6c00000, 0x0000000100000000)
  eden space 17408K, 100% used [0x00000000f5900000,0x00000000f6a00000,0x00000000f6a00000)
  from space 1024K, 96% used [0x00000000f6b00000,0x00000000f6bf8020,0x00000000f6c00000)
  to   space 1024K, 0% used [0x00000000f6a00000,0x00000000f6a00000,0x00000000f6b00000)
 ParOldGen       total 62464K, used 53382K [0x00000000e0a00000, 0x00000000e4700000, 0x00000000f5900000)
  object space 62464K, 85% used [0x00000000e0a00000,0x00000000e3e21a68,0x00000000e4700000)
 Metaspace       used 2729K, capacity 4566K, committed 4864K, reserved 1056768K
  class space    used 287K, capacity 390K, committed 512K, reserved 1048576K
Event: 0.432 GC heap after
Heap after GC invocations=3 (full 0):
 PSYoungGen      total 18432K, used 992K [0x00000000f5900000, 0x00000000f7d00000, 0x0000000100000000)
  eden space 17408K, 0% used [0x00000000f5900000,0x00000000f5900000,0x00000000f6a00000)
  from space 1024K, 96% used [0x00000000f6a00000,0x00000000f6af8000,0x00000000f6b00000)
  to   space 1024K, 0% used [0x00000000f7c00000,0x00000000f7c00000,0x00000000f7d00000)
 ParOldGen       total 62464K, used 53382K [0x00000000e0a00000, 0x00000000e4700000, 0x00000000f5900000)
  object space 62464K, 85% used [0x00000000e0a00000,0x00000000e3e21a68,0x00000000e4700000)
 Metaspace       used 2729K, capacity 4566K, committed 4864K, reserved 1056768K
  class space    used 287K, capacity 390K, committed 512K, reserved 1048576K
}
Event: 0.911 GC heap before
{Heap before GC invocations=4 (full 0):
 PSYoungGen      total 18432K, used 18400K [0x00000000f5900000, 0x00000000f7d00000, 0x0000000100000000)
  eden space 17408K, 100% used [0x00000000f5900000,0x00000000f6a00000,0x00000000f6a00000)
  from space 1024K, 96% used [0x00000000f6a00000,0x00000000f6af8000,0x00000000f6b00000)
  to   space 1024K, 0% used [0x00000000f7c00000,0x00000000f7c00000,0x00000000f7d00000)
 ParOldGen       total 234496K, used 224644K [0x00000000e0a00000, 0x00000000eef00000, 0x00000000f5900000)
  object space 234496K, 95% used [0x00000000e0a00000,0x00000000ee561118,0x00000000eef00000)
 Metaspace       used 2729K, capacity 4566K, committed 4864K, reserved 1056768K
  class space    used 287K, capacity 390K, committed 512K, reserved 1048576K
Event: 1.364 GC heap after
Heap after GC invocations=4 (full 0):
 PSYoungGen      total 35840K, used 1024K [0x00000000f5900000, 0x00000000f7d00000, 0x0000000100000000)
  eden space 34816K, 0% used [0x00000000f5900000,0x00000000f5900000,0x00000000f7b00000)
  from space 1024K, 100% used [0x00000000f7c00000,0x00000000f7d00000,0x00000000f7d00000)
  to   space 1024K, 0% used [0x00000000f7b00000,0x00000000f7b00000,0x00000000f7c00000)
 ParOldGen       total 234496K, used 224644K [0x00000000e0a00000, 0x00000000eef00000, 0x00000000f5900000)
  object space 234496K, 95% used [0x00000000e0a00000,0x00000000ee561118,0x00000000eef00000)
 Metaspace       used 2729K, capacity 4566K, committed 4864K, reserved 1056768K
  class space    used 287K, capacity 390K, committed 512K, reserved 1048576K
}
Event: 1.365 GC heap before
{Heap before GC invocations=5 (full 1):
 PSYoungGen      total 35840K, used 1024K [0x00000000f5900000, 0x00000000f7d00000, 0x0000000100000000)
  eden space 34816K, 0% used [0x00000000f5900000,0x00000000f5900000,0x00000000f7b00000)
  from space 1024K, 100% used [0x00000000f7c00000,0x00000000f7d00000,0x00000000f7d00000)
  to   space 1024K, 0% used [0x00000000f7b00000,0x00000000f7b00000,0x00000000f7c00000)
 ParOldGen       total 234496K, used 224644K [0x00000000e0a00000, 0x00000000eef00000, 0x00000000f5900000)
  object space 234496K, 95% used [0x00000000e0a00000,0x00000000ee561118,0x00000000eef00000)
 Metaspace       used 2729K, capacity 4566K, committed 4864K, reserved 1056768K
  class space    used 287K, capacity 390K, committed 512K, reserved 1048576K
Event: 2.955 GC heap after
Heap after GC invocations=5 (full 1):
 PSYoungGen      total 35840K, used 0K [0x00000000f5900000, 0x00000000f7d00000, 0x0000000100000000)
  eden space 34816K, 0% used [0x00000000f5900000,0x00000000f5900000,0x00000000f7b00000)
  from space 1024K, 0% used [0x00000000f7c00000,0x00000000f7c00000,0x00000000f7d00000)
  to   space 1024K, 0% used [0x00000000f7b00000,0x00000000f7b00000,0x00000000f7c00000)
 ParOldGen       total 107008K, used 82105K [0x00000000e0a00000, 0x00000000e7280000, 0x00000000f5900000)
  object space 107008K, 76% used [0x00000000e0a00000,0x00000000e5a2e5a8,0x00000000e7280000)
 Metaspace       used 2729K, capacity 4566K, committed 4864K, reserved 1056768K
  class space    used 287K, capacity 390K, committed 512K, reserved 1048576K
}

Deoptimization events (1 events):
Event: 0.060 Thread 0x00007f756c00a000 Uncommon trap: reason=unstable_if action=reinterpret pc=0x00007f755cf0def8 method=java.lang.String.equals(Ljava/lang/Object;)Z @ 2

Internal exceptions (2 events):
Event: 0.024 Thread 0x00007f756c00a000 Exception <a 'java/lang/NoSuchMethodError': Method sun.misc.Unsafe.defineClass(Ljava/lang/String;[BII)Ljava/lang/Class; name or signature does not match> (0x00000000f5907ca8) thrown at [/build/openjdk-8-W2Qe27/openjdk-8-8u151-b12/src/hotspot/src/share/vm/
Event: 0.024 Thread 0x00007f756c00a000 Exception <a 'java/lang/NoSuchMethodError': Method sun.misc.Unsafe.prefetchRead(Ljava/lang/Object;J)V name or signature does not match> (0x00000000f5907f90) thrown at [/build/openjdk-8-W2Qe27/openjdk-8-8u151-b12/src/hotspot/src/share/vm/prims/jni.cpp, lin

Events (10 events):
Event: 0.142 Executing VM operation: ParallelGCFailedAllocation
Event: 0.146 Executing VM operation: ParallelGCFailedAllocation done
Event: 0.176 loading class java/util/ArrayList$1
Event: 0.176 loading class java/util/ArrayList$1 done
Event: 0.204 Executing VM operation: ParallelGCFailedAllocation
Event: 0.222 Executing VM operation: ParallelGCFailedAllocation done
Event: 0.366 Executing VM operation: ParallelGCFailedAllocation
Event: 0.432 Executing VM operation: ParallelGCFailedAllocation done
Event: 0.906 Executing VM operation: ParallelGCFailedAllocation
Event: 2.958 Executing VM operation: ParallelGCFailedAllocation done


Dynamic libraries:
00400000-00401000 r-xp 00000000 08:01 1180126                            /usr/lib/jvm/java-8-openjdk-amd64/jre/bin/java
00600000-00601000 r--p 00000000 08:01 1180126                            /usr/lib/jvm/java-8-openjdk-amd64/jre/bin/java
00601000-00602000 rw-p 00001000 08:01 1180126                            /usr/lib/jvm/java-8-openjdk-amd64/jre/bin/java
02471000-02492000 rw-p 00000000 00:00 0                                  [heap]
e0a00000-ee980000 rw-p 00000000 00:00 0 
f5900000-f7d00000 rw-p 00000000 00:00 0 
f7d00000-100000000 ---p 00000000 00:00 0 
100000000-100080000 rw-p 00000000 00:00 0 
100080000-140000000 ---p 00000000 00:00 0 
7f752c000000-7f752c021000 rw-p 00000000 00:00 0 
7f752c021000-7f7530000000 ---p 00000000 00:00 0 
7f7534000000-7f753407a000 rw-p 00000000 00:00 0 
7f753407a000-7f7538000000 ---p 00000000 00:00 0 
7f7538000000-7f7538021000 rw-p 00000000 00:00 0 
7f7538021000-7f753c000000 ---p 00000000 00:00 0 
7f753c000000-7f753c021000 rw-p 00000000 00:00 0 
7f753c021000-7f7540000000 ---p 00000000 00:00 0 
7f7540000000-7f75404de000 rw-p 00000000 00:00 0 
7f75404de000-7f7544000000 ---p 00000000 00:00 0 
7f7544000000-7f7544021000 rw-p 00000000 00:00 0 
7f7544021000-7f7548000000 ---p 00000000 00:00 0 
7f7548000000-7f7548021000 rw-p 00000000 00:00 0 
7f7548021000-7f754c000000 ---p 00000000 00:00 0 
7f754c000000-7f754c1c3000 rw-p 00000000 00:00 0 
7f754c1c3000-7f7550000000 ---p 00000000 00:00 0 
7f7550000000-7f7550021000 rw-p 00000000 00:00 0 
7f7550021000-7f7554000000 ---p 00000000 00:00 0 
7f7554000000-7f7554021000 rw-p 00000000 00:00 0 
7f7554021000-7f7558000000 ---p 00000000 00:00 0 
7f75596ca000-7f75596e5000 r--s 00394000 08:01 1180063                    /usr/lib/jvm/java-8-openjdk-amd64/jre/lib/ext/cldrdata.jar
7f75596e5000-7f755977b000 r--s 008d7000 08:01 594843                     /usr/share/java/openjfx/jre/lib/ext/jfxrt.jar
7f755977b000-7f7559796000 r--s 001d6000 08:01 1180065                    /usr/lib/jvm/java-8-openjdk-amd64/jre/lib/ext/nashorn.jar
7f7559796000-7f7559797000 ---p 00000000 00:00 0 
7f7559797000-7f7559897000 rw-p 00000000 00:00 0 
7f7559897000-7f755989a000 ---p 00000000 00:00 0 
7f755989a000-7f7559998000 rw-p 00000000 00:00 0 
7f7559998000-7f755999b000 ---p 00000000 00:00 0 
7f755999b000-7f7559a99000 rw-p 00000000 00:00 0 
7f7559a99000-7f7559a9c000 ---p 00000000 00:00 0 
7f7559a9c000-7f7559b9a000 rw-p 00000000 00:00 0 
7f7559b9a000-7f7559b9d000 ---p 00000000 00:00 0 
7f7559b9d000-7f7559c9b000 rw-p 00000000 00:00 0 
7f7559c9b000-7f7559f73000 r--p 00000000 08:01 7273                       /usr/lib/locale/locale-archive
7f7559f73000-7f7559f76000 ---p 00000000 00:00 0 
7f7559f76000-7f755a074000 rw-p 00000000 00:00 0 
7f755a074000-7f755a077000 ---p 00000000 00:00 0 
7f755a077000-7f755a175000 rw-p 00000000 00:00 0 
7f755a175000-7f755a176000 ---p 00000000 00:00 0 
7f755a176000-7f755abee000 rw-p 00000000 00:00 0 
7f755abee000-7f755adbd000 r--s 03c21000 08:01 1180059                    /usr/lib/jvm/java-8-openjdk-amd64/jre/lib/rt.jar
7f755adbd000-7f755b2ce000 rw-p 00000000 00:00 0 
7f755b2ce000-7f755b68e000 ---p 00000000 00:00 0 
7f755b68e000-7f755c739000 rw-p 00000000 00:00 0 
7f755c739000-7f755c73a000 ---p 00000000 00:00 0 
7f755c73a000-7f755c83a000 rw-p 00000000 00:00 0 
7f755c83a000-7f755c83b000 ---p 00000000 00:00 0 
7f755c83b000-7f755c9ab000 rw-p 00000000 00:00 0 
7f755c9ab000-7f755c9e2000 ---p 00000000 00:00 0 
7f755c9e2000-7f755c9f5000 rw-p 00000000 00:00 0 
7f755c9f5000-7f755ca36000 ---p 00000000 00:00 0 
7f755ca36000-7f755ca41000 rw-p 00000000 00:00 0 
7f755ca41000-7f755cdf7000 ---p 00000000 00:00 0 
7f755cdf7000-7f755d067000 rwxp 00000000 00:00 0 
7f755d067000-7f756bdf7000 ---p 00000000 00:00 0 
7f756bdf7000-7f756bdff000 r-xp 00000000 08:01 1180098                    /usr/lib/jvm/java-8-openjdk-amd64/jre/lib/amd64/libzip.so
7f756bdff000-7f756bffe000 ---p 00008000 08:01 1180098                    /usr/lib/jvm/java-8-openjdk-amd64/jre/lib/amd64/libzip.so
7f756bffe000-7f756bfff000 r--p 00007000 08:01 1180098                    /usr/lib/jvm/java-8-openjdk-amd64/jre/lib/amd64/libzip.so
7f756bfff000-7f756c000000 rw-p 00008000 08:01 1180098                    /usr/lib/jvm/java-8-openjdk-amd64/jre/lib/amd64/libzip.so
7f756c000000-7f756c16f000 rw-p 00000000 00:00 0 
7f756c16f000-7f7570000000 ---p 00000000 00:00 0 
7f7570000000-7f757000a000 r--s 00116000 08:01 1180068                    /usr/lib/jvm/java-8-openjdk-amd64/jre/lib/ext/localedata.jar
7f757000a000-7f757004c000 rw-p 00000000 00:00 0 
7f757004c000-7f7570057000 r-xp 00000000 08:01 918865                     /lib/x86_64-linux-gnu/libnss_files-2.23.so
7f7570057000-7f7570256000 ---p 0000b000 08:01 918865                     /lib/x86_64-linux-gnu/libnss_files-2.23.so
7f7570256000-7f7570257000 r--p 0000a000 08:01 918865                     /lib/x86_64-linux-gnu/libnss_files-2.23.so
7f7570257000-7f7570258000 rw-p 0000b000 08:01 918865                     /lib/x86_64-linux-gnu/libnss_files-2.23.so
7f7570258000-7f757025e000 rw-p 00000000 00:00 0 
7f757025e000-7f7570269000 r-xp 00000000 08:01 919105                     /lib/x86_64-linux-gnu/libnss_nis-2.23.so
7f7570269000-7f7570468000 ---p 0000b000 08:01 919105                     /lib/x86_64-linux-gnu/libnss_nis-2.23.so
7f7570468000-7f7570469000 r--p 0000a000 08:01 919105                     /lib/x86_64-linux-gnu/libnss_nis-2.23.so
7f7570469000-7f757046a000 rw-p 0000b000 08:01 919105                     /lib/x86_64-linux-gnu/libnss_nis-2.23.so
7f757046a000-7f7570480000 r-xp 00000000 08:01 917850                     /lib/x86_64-linux-gnu/libnsl-2.23.so
7f7570480000-7f757067f000 ---p 00016000 08:01 917850                     /lib/x86_64-linux-gnu/libnsl-2.23.so
7f757067f000-7f7570680000 r--p 00015000 08:01 917850                     /lib/x86_64-linux-gnu/libnsl-2.23.so
7f7570680000-7f7570681000 rw-p 00016000 08:01 917850                     /lib/x86_64-linux-gnu/libnsl-2.23.so
7f7570681000-7f7570683000 rw-p 00000000 00:00 0 
7f7570683000-7f757068b000 r-xp 00000000 08:01 919432                     /lib/x86_64-linux-gnu/libnss_compat-2.23.so
7f757068b000-7f757088a000 ---p 00008000 08:01 919432                     /lib/x86_64-linux-gnu/libnss_compat-2.23.so
7f757088a000-7f757088b000 r--p 00007000 08:01 919432                     /lib/x86_64-linux-gnu/libnss_compat-2.23.so
7f757088b000-7f757088c000 rw-p 00008000 08:01 919432                     /lib/x86_64-linux-gnu/libnss_compat-2.23.so
7f757088c000-7f75708b9000 r-xp 00000000 08:01 1180081                    /usr/lib/jvm/java-8-openjdk-amd64/jre/lib/amd64/libjava.so
7f75708b9000-7f7570ab8000 ---p 0002d000 08:01 1180081                    /usr/lib/jvm/java-8-openjdk-amd64/jre/lib/amd64/libjava.so
7f7570ab8000-7f7570ab9000 r--p 0002c000 08:01 1180081                    /usr/lib/jvm/java-8-openjdk-amd64/jre/lib/amd64/libjava.so
7f7570ab9000-7f7570abb000 rw-p 0002d000 08:01 1180081                    /usr/lib/jvm/java-8-openjdk-amd64/jre/lib/amd64/libjava.so
7f7570abb000-7f7570aca000 r-xp 00000000 08:01 1180096                    /usr/lib/jvm/java-8-openjdk-amd64/jre/lib/amd64/libverify.so
7f7570aca000-7f7570cc9000 ---p 0000f000 08:01 1180096                    /usr/lib/jvm/java-8-openjdk-amd64/jre/lib/amd64/libverify.so
7f7570cc9000-7f7570ccb000 r--p 0000e000 08:01 1180096                    /usr/lib/jvm/java-8-openjdk-amd64/jre/lib/amd64/libverify.so
7f7570ccb000-7f7570ccc000 rw-p 00010000 08:01 1180096                    /usr/lib/jvm/java-8-openjdk-amd64/jre/lib/amd64/libverify.so
7f7570ccc000-7f7570cd3000 r-xp 00000000 08:01 919428                     /lib/x86_64-linux-gnu/librt-2.23.so
7f7570cd3000-7f7570ed2000 ---p 00007000 08:01 919428                     /lib/x86_64-linux-gnu/librt-2.23.so
7f7570ed2000-7f7570ed3000 r--p 00006000 08:01 919428                     /lib/x86_64-linux-gnu/librt-2.23.so
7f7570ed3000-7f7570ed4000 rw-p 00007000 08:01 919428                     /lib/x86_64-linux-gnu/librt-2.23.so
7f7570ed4000-7f7570eea000 r-xp 00000000 08:01 922900                     /lib/x86_64-linux-gnu/libgcc_s.so.1
7f7570eea000-7f75710e9000 ---p 00016000 08:01 922900                     /lib/x86_64-linux-gnu/libgcc_s.so.1
7f75710e9000-7f75710ea000 rw-p 00015000 08:01 922900                     /lib/x86_64-linux-gnu/libgcc_s.so.1
7f75710ea000-7f75711f2000 r-xp 00000000 08:01 919437                     /lib/x86_64-linux-gnu/libm-2.23.so
7f75711f2000-7f75713f1000 ---p 00108000 08:01 919437                     /lib/x86_64-linux-gnu/libm-2.23.so
7f75713f1000-7f75713f2000 r--p 00107000 08:01 919437                     /lib/x86_64-linux-gnu/libm-2.23.so
7f75713f2000-7f75713f3000 rw-p 00108000 08:01 919437                     /lib/x86_64-linux-gnu/libm-2.23.so
7f75713f3000-7f7571565000 r-xp 00000000 08:01 1292                       /usr/lib/x86_64-linux-gnu/libstdc++.so.6.0.21
7f7571565000-7f7571765000 ---p 00172000 08:01 1292                       /usr/lib/x86_64-linux-gnu/libstdc++.so.6.0.21
7f7571765000-7f757176f000 r--p 00172000 08:01 1292                       /usr/lib/x86_64-linux-gnu/libstdc++.so.6.0.21
7f757176f000-7f7571771000 rw-p 0017c000 08:01 1292                       /usr/lib/x86_64-linux-gnu/libstdc++.so.6.0.21
7f7571771000-7f7571775000 rw-p 00000000 00:00 0 
7f7571775000-7f75723c7000 r-xp 00000000 08:01 1180091                    /usr/lib/jvm/java-8-openjdk-amd64/jre/lib/amd64/server/libjvm.so
7f75723c7000-7f75725c7000 ---p 00c52000 08:01 1180091                    /usr/lib/jvm/java-8-openjdk-amd64/jre/lib/amd64/server/libjvm.so
7f75725c7000-7f757265a000 r--p 00c52000 08:01 1180091                    /usr/lib/jvm/java-8-openjdk-amd64/jre/lib/amd64/server/libjvm.so
7f757265a000-7f7572683000 rw-p 00ce5000 08:01 1180091                    /usr/lib/jvm/java-8-openjdk-amd64/jre/lib/amd64/server/libjvm.so
7f7572683000-7f75726b3000 rw-p 00000000 00:00 0 
7f75726b3000-7f75726cb000 r-xp 00000000 08:01 919104                     /lib/x86_64-linux-gnu/libpthread-2.23.so
7f75726cb000-7f75728ca000 ---p 00018000 08:01 919104                     /lib/x86_64-linux-gnu/libpthread-2.23.so
7f75728ca000-7f75728cb000 r--p 00017000 08:01 919104                     /lib/x86_64-linux-gnu/libpthread-2.23.so
7f75728cb000-7f75728cc000 rw-p 00018000 08:01 919104                     /lib/x86_64-linux-gnu/libpthread-2.23.so
7f75728cc000-7f75728d0000 rw-p 00000000 00:00 0 
7f75728d0000-7f75728d3000 r-xp 00000000 08:01 919431                     /lib/x86_64-linux-gnu/libdl-2.23.so
7f75728d3000-7f7572ad2000 ---p 00003000 08:01 919431                     /lib/x86_64-linux-gnu/libdl-2.23.so
7f7572ad2000-7f7572ad3000 r--p 00002000 08:01 919431                     /lib/x86_64-linux-gnu/libdl-2.23.so
7f7572ad3000-7f7572ad4000 rw-p 00003000 08:01 919431                     /lib/x86_64-linux-gnu/libdl-2.23.so
7f7572ad4000-7f7572aed000 r-xp 00000000 08:01 923053                     /lib/x86_64-linux-gnu/libz.so.1.2.8
7f7572aed000-7f7572cec000 ---p 00019000 08:01 923053                     /lib/x86_64-linux-gnu/libz.so.1.2.8
7f7572cec000-7f7572ced000 r--p 00018000 08:01 923053                     /lib/x86_64-linux-gnu/libz.so.1.2.8
7f7572ced000-7f7572cee000 rw-p 00019000 08:01 923053                     /lib/x86_64-linux-gnu/libz.so.1.2.8
7f7572cee000-7f7572eae000 r-xp 00000000 08:01 919442                     /lib/x86_64-linux-gnu/libc-2.23.so
7f7572eae000-7f75730ae000 ---p 001c0000 08:01 919442                     /lib/x86_64-linux-gnu/libc-2.23.so
7f75730ae000-7f75730b2000 r--p 001c0000 08:01 919442                     /lib/x86_64-linux-gnu/libc-2.23.so
7f75730b2000-7f75730b4000 rw-p 001c4000 08:01 919442                     /lib/x86_64-linux-gnu/libc-2.23.so
7f75730b4000-7f75730b8000 rw-p 00000000 00:00 0 
7f75730b8000-7f75730c5000 r-xp 00000000 08:01 1180094                    /usr/lib/jvm/java-8-openjdk-amd64/jre/lib/amd64/jli/libjli.so
7f75730c5000-7f75732c5000 ---p 0000d000 08:01 1180094                    /usr/lib/jvm/java-8-openjdk-amd64/jre/lib/amd64/jli/libjli.so
7f75732c5000-7f75732c6000 r--p 0000d000 08:01 1180094                    /usr/lib/jvm/java-8-openjdk-amd64/jre/lib/amd64/jli/libjli.so
7f75732c6000-7f75732c7000 rw-p 0000e000 08:01 1180094                    /usr/lib/jvm/java-8-openjdk-amd64/jre/lib/amd64/jli/libjli.so
7f75732c7000-7f75732ed000 r-xp 00000000 08:01 917862                     /lib/x86_64-linux-gnu/ld-2.23.so
7f75732ed000-7f75732ef000 r--s 00008000 08:01 1180067                    /usr/lib/jvm/java-8-openjdk-amd64/jre/lib/ext/sunec.jar
7f75732ef000-7f75732f2000 r--s 0000f000 08:01 1180062                    /usr/lib/jvm/java-8-openjdk-amd64/jre/lib/ext/icedtea-sound.jar
7f75732f2000-7f75732f8000 r--s 0003a000 08:01 1180066                    /usr/lib/jvm/java-8-openjdk-amd64/jre/lib/ext/sunjce_provider.jar
7f75732f8000-7f75732fc000 r--s 00037000 08:01 1180069                    /usr/lib/jvm/java-8-openjdk-amd64/jre/lib/ext/sunpkcs11.jar
7f75732fc000-7f7573394000 rw-p 00000000 00:00 0 
7f7573394000-7f75733cc000 ---p 00000000 00:00 0 
7f75733cc000-7f75733cf000 ---p 00000000 00:00 0 
7f75733cf000-7f75734d2000 rw-p 00000000 00:00 0 
7f75734d2000-7f75734d3000 r--s 0000a000 08:01 1180070                    /usr/lib/jvm/java-8-openjdk-amd64/jre/lib/ext/jaccess.jar
7f75734d3000-7f75734d4000 r--s 00010000 08:01 1180064                    /usr/lib/jvm/java-8-openjdk-amd64/jre/lib/ext/zipfs.jar
7f75734d4000-7f75734d6000 r--s 00001000 08:01 1180071                    /usr/lib/jvm/java-8-openjdk-amd64/jre/lib/ext/dnsns.jar
7f75734d6000-7f75734e0000 rw-p 00000000 00:00 0 
7f75734e0000-7f75734e8000 rw-s 00000000 08:01 8460                       /tmp/hsperfdata_canerbakar/72828
7f75734e8000-7f75734e9000 rw-p 00000000 00:00 0 
7f75734e9000-7f75734ea000 r--p 00000000 00:00 0 
7f75734ea000-7f75734ec000 rw-p 00000000 00:00 0 
7f75734ec000-7f75734ed000 r--p 00025000 08:01 917862                     /lib/x86_64-linux-gnu/ld-2.23.so
7f75734ed000-7f75734ee000 rw-p 00026000 08:01 917862                     /lib/x86_64-linux-gnu/ld-2.23.so
7f75734ee000-7f75734ef000 rw-p 00000000 00:00 0 
7ffe1d31a000-7ffe1d33b000 rw-p 00000000 00:00 0                          [stack]
7ffe1d348000-7ffe1d34a000 r--p 00000000 00:00 0                          [vvar]
7ffe1d34a000-7ffe1d34c000 r-xp 00000000 00:00 0                          [vdso]
ffffffffff600000-ffffffffff601000 r-xp 00000000 00:00 0                  [vsyscall]

VM Arguments:
jvm_args: -Dfile.encoding=UTF-8 
java_command: bitirme.Bitirme
java_class_path (initial): /home/canerbakar/NetBeansProjects/bitirme/build/classes
Launcher Type: SUN_STANDARD

Environment Variables:
PATH=/home/canerbakar/bin:/home/canerbakar/.local/bin:/usr/local/sbin:/usr/local/bin:/usr/sbin:/usr/bin:/sbin:/bin:/usr/games:/usr/local/games:/snap/bin
LD_LIBRARY_PATH=/usr/lib/jvm/java-1.8.0-openjdk-amd64/jre/lib/amd64:/usr/lib/jvm/java-1.8.0-openjdk-amd64/jre/lib/i386:
SHELL=/bin/bash
DISPLAY=:0

Signal Handlers:
SIGSEGV: [libjvm.so+0xa69040], sa_mask[0]=11111111011111111101111111111110, sa_flags=SA_RESTART|SA_SIGINFO
SIGBUS: [libjvm.so+0xa69040], sa_mask[0]=11111111011111111101111111111110, sa_flags=SA_RESTART|SA_SIGINFO
SIGFPE: [libjvm.so+0x8b2170], sa_mask[0]=11111111011111111101111111111110, sa_flags=SA_RESTART|SA_SIGINFO
SIGPIPE: [libjvm.so+0x8b2170], sa_mask[0]=11111111011111111101111111111110, sa_flags=SA_RESTART|SA_SIGINFO
SIGXFSZ: [libjvm.so+0x8b2170], sa_mask[0]=11111111011111111101111111111110, sa_flags=SA_RESTART|SA_SIGINFO
SIGILL: [libjvm.so+0x8b2170], sa_mask[0]=11111111011111111101111111111110, sa_flags=SA_RESTART|SA_SIGINFO
SIGUSR1: SIG_DFL, sa_mask[0]=00000000000000000000000000000000, sa_flags=none
SIGUSR2: [libjvm.so+0x8b2020], sa_mask[0]=00100000000000000000000000000000, sa_flags=SA_RESTART|SA_SIGINFO
SIGHUP: [libjvm.so+0x8b24f0], sa_mask[0]=11111111011111111101111111111110, sa_flags=SA_RESTART|SA_SIGINFO
SIGINT: SIG_IGN, sa_mask[0]=00000000000000000000000000000000, sa_flags=none
SIGTERM: [libjvm.so+0x8b24f0], sa_mask[0]=11111111011111111101111111111110, sa_flags=SA_RESTART|SA_SIGINFO
SIGQUIT: [libjvm.so+0x8b24f0], sa_mask[0]=11111111011111111101111111111110, sa_flags=SA_RESTART|SA_SIGINFO


---------------  S Y S T E M  ---------------

OS:DISTRIB_ID=Ubuntu
DISTRIB_RELEASE=16.04
DISTRIB_CODENAME=xenial
DISTRIB_DESCRIPTION="Ubuntu 16.04.1 LTS"

uname:Linux 4.4.0-97-generic #120-Ubuntu SMP Tue Sep 19 17:28:18 UTC 2017 x86_64
libc:glibc 2.23 NPTL 2.23 
rlimit: STACK 8192k, CORE 0k, NPROC 7847, NOFILE 65536, AS infinity
load average:0.32 0.29 0.20

/proc/meminfo:
MemTotal:        2048380 kB
MemFree:           70528 kB
MemAvailable:      18632 kB
Buffers:            1268 kB
Cached:            56912 kB
SwapCached:        11568 kB
Active:          1155660 kB
Inactive:         399136 kB
Active(anon):    1148348 kB
Inactive(anon):   389764 kB
Active(file):       7312 kB
Inactive(file):     9372 kB
Unevictable:          32 kB
Mlocked:              32 kB
SwapTotal:       1046524 kB
SwapFree:              0 kB
Dirty:               144 kB
Writeback:             0 kB
AnonPages:       1485600 kB
Mapped:            53492 kB
Shmem:             41108 kB
Slab:              77324 kB
SReclaimable:      30236 kB
SUnreclaim:        47088 kB
KernelStack:       12464 kB
PageTables:        37688 kB
NFS_Unstable:          0 kB
Bounce:                0 kB
WritebackTmp:          0 kB
CommitLimit:     2070712 kB
Committed_AS:    6601132 kB
VmallocTotal:   34359738367 kB
VmallocUsed:           0 kB
VmallocChunk:          0 kB
HardwareCorrupted:     0 kB
AnonHugePages:    573440 kB
CmaTotal:              0 kB
CmaFree:               0 kB
HugePages_Total:       0
HugePages_Free:        0
HugePages_Rsvd:        0
HugePages_Surp:        0
Hugepagesize:       2048 kB
DirectMap4k:      227200 kB
DirectMap2M:     1890304 kB
DirectMap1G:     1048576 kB


CPU:total 2 (initial active 2) (1 cores per cpu, 1 threads per core) family 6 model 70 stepping 1, cmov, cx8, fxsr, mmx, sse, sse2, sse3, ssse3, sse4.1, sse4.2, popcnt, avx, avx2, aes, clmul, erms, lzcnt, tsc, tscinvbit, bmi1, bmi2

/proc/cpuinfo:
processor	: 0
vendor_id	: GenuineIntel
cpu family	: 6
model		: 70
model name	: Intel(R) Core(TM) i7-4850HQ CPU @ 2.30GHz
stepping	: 1
microcode	: 0xf
cpu MHz		: 2294.459
cache size	: 6144 KB
physical id	: 0
siblings	: 1
core id		: 0
cpu cores	: 1
apicid		: 0
initial apicid	: 0
fpu		: yes
fpu_exception	: yes
cpuid level	: 13
wp		: yes
flags		: fpu vme de pse tsc msr pae mce cx8 apic sep mtrr pge mca cmov pat pse36 clflush dts mmx fxsr sse sse2 ss syscall nx pdpe1gb rdtscp lm constant_tsc arch_perfmon pebs bts nopl xtopology tsc_reliable nonstop_tsc aperfmperf eagerfpu pni pclmulqdq ssse3 fma cx16 pcid sse4_1 sse4_2 x2apic movbe popcnt tsc_deadline_timer aes xsave avx f16c rdrand hypervisor lahf_lm abm epb fsgsbase tsc_adjust bmi1 avx2 smep bmi2 invpcid xsaveopt dtherm ida arat pln pts
bugs		:
bogomips	: 4588.91
clflush size	: 64
cache_alignment	: 64
address sizes	: 42 bits physical, 48 bits virtual
power management:

processor	: 1
vendor_id	: GenuineIntel
cpu family	: 6
model		: 70
model name	: Intel(R) Core(TM) i7-4850HQ CPU @ 2.30GHz
stepping	: 1
microcode	: 0xf
cpu MHz		: 2294.459
cache size	: 6144 KB
physical id	: 2
siblings	: 1
core id		: 0
cpu cores	: 1
apicid		: 2
initial apicid	: 2
fpu		: yes
fpu_exception	: yes
cpuid level	: 13
wp		: yes
flags		: fpu vme de pse tsc msr pae mce cx8 apic sep mtrr pge mca cmov pat pse36 clflush dts mmx fxsr sse sse2 ss syscall nx pdpe1gb rdtscp lm constant_tsc arch_perfmon pebs bts nopl xtopology tsc_reliable nonstop_tsc aperfmperf eagerfpu pni pclmulqdq ssse3 fma cx16 pcid sse4_1 sse4_2 x2apic movbe popcnt tsc_deadline_timer aes xsave avx f16c rdrand hypervisor lahf_lm abm epb fsgsbase tsc_adjust bmi1 avx2 smep bmi2 invpcid xsaveopt dtherm ida arat pln pts
bugs		:
bogomips	: 4588.91
clflush size	: 64
cache_alignment	: 64
address sizes	: 42 bits physical, 48 bits virtual
power management:



Memory: 4k page, physical 2048380k(69908k free), swap 1046524k(0k free)

vm_info: OpenJDK 64-Bit Server VM (25.151-b12) for linux-amd64 JRE (1.8.0_151-8u151-b12-0ubuntu0.16.04.2-b12), built on Oct 27 2017 21:59:02 by "buildd" with gcc 5.4.0 20160609

time: Mon Nov 20 19:24:52 2017
elapsed time: 3 seconds (0d 0h 0m 3s)

